Start testing: Jun 04 21:52 EDT
----------------------------------------------------------
1/8 Testing: TaskTest.MarkCompleted
1/8 Test: TaskTest.MarkCompleted
Command: "/Users/ajeetaasthana/IdeaProjects/kernel/todo-list/build/test_Task" "--gtest_filter=TaskTest.MarkCompleted" "--gtest_also_run_disabled_tests"
Directory: /Users/ajeetaasthana/IdeaProjects/kernel/todo-list/build
"TaskTest.MarkCompleted" start time: Jun 04 21:52 EDT
Output:
----------------------------------------------------------
Note: Google Test filter = TaskTest.MarkCompleted
[==========] Running 1 test from 1 test suite.
[----------] Global test environment set-up.
[----------] 1 test from TaskTest
[ RUN      ] TaskTest.MarkCompleted
[       OK ] TaskTest.MarkCompleted (0 ms)
[----------] 1 test from TaskTest (0 ms total)

[----------] Global test environment tear-down
[==========] 1 test from 1 test suite ran. (0 ms total)
[  PASSED  ] 1 test.
<end of output>
Test time =   0.00 sec
----------------------------------------------------------
Test Passed.
"TaskTest.MarkCompleted" end time: Jun 04 21:52 EDT
"TaskTest.MarkCompleted" time elapsed: 00:00:00
----------------------------------------------------------

2/8 Testing: TaskTest.GetDescription
2/8 Test: TaskTest.GetDescription
Command: "/Users/ajeetaasthana/IdeaProjects/kernel/todo-list/build/test_Task" "--gtest_filter=TaskTest.GetDescription" "--gtest_also_run_disabled_tests"
Directory: /Users/ajeetaasthana/IdeaProjects/kernel/todo-list/build
"TaskTest.GetDescription" start time: Jun 04 21:52 EDT
Output:
----------------------------------------------------------
Note: Google Test filter = TaskTest.GetDescription
[==========] Running 1 test from 1 test suite.
[----------] Global test environment set-up.
[----------] 1 test from TaskTest
[ RUN      ] TaskTest.GetDescription
[       OK ] TaskTest.GetDescription (0 ms)
[----------] 1 test from TaskTest (0 ms total)

[----------] Global test environment tear-down
[==========] 1 test from 1 test suite ran. (0 ms total)
[  PASSED  ] 1 test.
<end of output>
Test time =   0.00 sec
----------------------------------------------------------
Test Passed.
"TaskTest.GetDescription" end time: Jun 04 21:52 EDT
"TaskTest.GetDescription" time elapsed: 00:00:00
----------------------------------------------------------

3/8 Testing: TaskManagerTest.AddTask
3/8 Test: TaskManagerTest.AddTask
Command: "/Users/ajeetaasthana/IdeaProjects/kernel/todo-list/build/test_TaskManager" "--gtest_filter=TaskManagerTest.AddTask" "--gtest_also_run_disabled_tests"
Directory: /Users/ajeetaasthana/IdeaProjects/kernel/todo-list/build
"TaskManagerTest.AddTask" start time: Jun 04 21:52 EDT
Output:
----------------------------------------------------------
Note: Google Test filter = TaskManagerTest.AddTask
[==========] Running 1 test from 1 test suite.
[----------] Global test environment set-up.
[----------] 1 test from TaskManagerTest
[ RUN      ] TaskManagerTest.AddTask
[       OK ] TaskManagerTest.AddTask (0 ms)
[----------] 1 test from TaskManagerTest (0 ms total)

[----------] Global test environment tear-down
[==========] 1 test from 1 test suite ran. (0 ms total)
[  PASSED  ] 1 test.
<end of output>
Test time =   0.00 sec
----------------------------------------------------------
Test Passed.
"TaskManagerTest.AddTask" end time: Jun 04 21:52 EDT
"TaskManagerTest.AddTask" time elapsed: 00:00:00
----------------------------------------------------------

4/8 Testing: TaskManagerTest.CompleteTask
4/8 Test: TaskManagerTest.CompleteTask
Command: "/Users/ajeetaasthana/IdeaProjects/kernel/todo-list/build/test_TaskManager" "--gtest_filter=TaskManagerTest.CompleteTask" "--gtest_also_run_disabled_tests"
Directory: /Users/ajeetaasthana/IdeaProjects/kernel/todo-list/build
"TaskManagerTest.CompleteTask" start time: Jun 04 21:52 EDT
Output:
----------------------------------------------------------
Note: Google Test filter = TaskManagerTest.CompleteTask
[==========] Running 1 test from 1 test suite.
[----------] Global test environment set-up.
[----------] 1 test from TaskManagerTest
[ RUN      ] TaskManagerTest.CompleteTask
[       OK ] TaskManagerTest.CompleteTask (0 ms)
[----------] 1 test from TaskManagerTest (0 ms total)

[----------] Global test environment tear-down
[==========] 1 test from 1 test suite ran. (0 ms total)
[  PASSED  ] 1 test.
<end of output>
Test time =   0.00 sec
----------------------------------------------------------
Test Passed.
"TaskManagerTest.CompleteTask" end time: Jun 04 21:52 EDT
"TaskManagerTest.CompleteTask" time elapsed: 00:00:00
----------------------------------------------------------

5/8 Testing: TaskManagerTest.DeleteTask
5/8 Test: TaskManagerTest.DeleteTask
Command: "/Users/ajeetaasthana/IdeaProjects/kernel/todo-list/build/test_TaskManager" "--gtest_filter=TaskManagerTest.DeleteTask" "--gtest_also_run_disabled_tests"
Directory: /Users/ajeetaasthana/IdeaProjects/kernel/todo-list/build
"TaskManagerTest.DeleteTask" start time: Jun 04 21:52 EDT
Output:
----------------------------------------------------------
Note: Google Test filter = TaskManagerTest.DeleteTask
[==========] Running 1 test from 1 test suite.
[----------] Global test environment set-up.
[----------] 1 test from TaskManagerTest
[ RUN      ] TaskManagerTest.DeleteTask
[       OK ] TaskManagerTest.DeleteTask (0 ms)
[----------] 1 test from TaskManagerTest (0 ms total)

[----------] Global test environment tear-down
[==========] 1 test from 1 test suite ran. (0 ms total)
[  PASSED  ] 1 test.
<end of output>
Test time =   0.00 sec
----------------------------------------------------------
Test Passed.
"TaskManagerTest.DeleteTask" end time: Jun 04 21:52 EDT
"TaskManagerTest.DeleteTask" time elapsed: 00:00:00
----------------------------------------------------------

6/8 Testing: TaskManagerTest.ShowTasks
6/8 Test: TaskManagerTest.ShowTasks
Command: "/Users/ajeetaasthana/IdeaProjects/kernel/todo-list/build/test_TaskManager" "--gtest_filter=TaskManagerTest.ShowTasks" "--gtest_also_run_disabled_tests"
Directory: /Users/ajeetaasthana/IdeaProjects/kernel/todo-list/build
"TaskManagerTest.ShowTasks" start time: Jun 04 21:52 EDT
Output:
----------------------------------------------------------
Note: Google Test filter = TaskManagerTest.ShowTasks
[==========] Running 1 test from 1 test suite.
[----------] Global test environment set-up.
[----------] 1 test from TaskManagerTest
[ RUN      ] TaskManagerTest.ShowTasks
[       OK ] TaskManagerTest.ShowTasks (0 ms)
[----------] 1 test from TaskManagerTest (0 ms total)

[----------] Global test environment tear-down
[==========] 1 test from 1 test suite ran. (0 ms total)
[  PASSED  ] 1 test.
<end of output>
Test time =   0.00 sec
----------------------------------------------------------
Test Passed.
"TaskManagerTest.ShowTasks" end time: Jun 04 21:52 EDT
"TaskManagerTest.ShowTasks" time elapsed: 00:00:00
----------------------------------------------------------

7/8 Testing: TestTask
7/8 Test: TestTask
Command: "/Users/ajeetaasthana/IdeaProjects/kernel/todo-list/build/test_Task"
Directory: /Users/ajeetaasthana/IdeaProjects/kernel/todo-list/build
"TestTask" start time: Jun 04 21:52 EDT
Output:
----------------------------------------------------------
[==========] Running 2 tests from 1 test suite.
[----------] Global test environment set-up.
[----------] 2 tests from TaskTest
[ RUN      ] TaskTest.MarkCompleted
[       OK ] TaskTest.MarkCompleted (0 ms)
[ RUN      ] TaskTest.GetDescription
[       OK ] TaskTest.GetDescription (0 ms)
[----------] 2 tests from TaskTest (0 ms total)

[----------] Global test environment tear-down
[==========] 2 tests from 1 test suite ran. (0 ms total)
[  PASSED  ] 2 tests.
<end of output>
Test time =   0.00 sec
----------------------------------------------------------
Test Passed.
"TestTask" end time: Jun 04 21:52 EDT
"TestTask" time elapsed: 00:00:00
----------------------------------------------------------

8/8 Testing: TestTaskManager
8/8 Test: TestTaskManager
Command: "/Users/ajeetaasthana/IdeaProjects/kernel/todo-list/build/test_TaskManager"
Directory: /Users/ajeetaasthana/IdeaProjects/kernel/todo-list/build
"TestTaskManager" start time: Jun 04 21:52 EDT
Output:
----------------------------------------------------------
[==========] Running 4 tests from 1 test suite.
[----------] Global test environment set-up.
[----------] 4 tests from TaskManagerTest
[ RUN      ] TaskManagerTest.AddTask
[       OK ] TaskManagerTest.AddTask (0 ms)
[ RUN      ] TaskManagerTest.CompleteTask
[       OK ] TaskManagerTest.CompleteTask (0 ms)
[ RUN      ] TaskManagerTest.DeleteTask
[       OK ] TaskManagerTest.DeleteTask (0 ms)
[ RUN      ] TaskManagerTest.ShowTasks
[       OK ] TaskManagerTest.ShowTasks (0 ms)
[----------] 4 tests from TaskManagerTest (0 ms total)

[----------] Global test environment tear-down
[==========] 4 tests from 1 test suite ran. (0 ms total)
[  PASSED  ] 4 tests.
<end of output>
Test time =   0.00 sec
----------------------------------------------------------
Test Passed.
"TestTaskManager" end time: Jun 04 21:52 EDT
"TestTaskManager" time elapsed: 00:00:00
----------------------------------------------------------

End testing: Jun 04 21:52 EDT
